[    0.000] nitializing cgup subsy cse
[  000000] Itiizingcgupsubsyscp
[   0000] Initializing cgroup subsys cpuacct
[    0.000000] Linux version 4.4.0-78-generic (buddlgw01-11) (gccveion 54.2060609 Ubtu5.4.0-ubtu~16.04.4) #9-Ubuntu MPhu Apr 2 1:29:09UTC 201 (untu .4.0-78.-generic .42)
[  000000 Cmad line: OTIMAE=oo/vmlinz-4.-78enic ro=LEL=cldi-rootfs  csole=ttycosole=tS0
[   00000] KERNL pprted cpu:[    0.000]   Intel GuiIntel
[  000000]   AM AthenticMD
[   .0000]   Ceta CntarHls
[    .0000] x86/fp: gacy x87 FPU detected.
[    0.000000] x86/fpu: Using 'lazy' FPU context switches.
[    0.000000] e820: BIOS-provided physical RAM map:
[    0.000000] BIOS-e820: [mem 0x0000000000000000-0x000000000fbff]sae
[  000000BI-e820: [memx000000000c0-0x000000000009ffff] reserved
[    0.000000] BI-e20: [m 000000000000f0000-0x00000000000fff rserved
[  000000BIS-e820[m 0x000000000000-0x00000003ffeff]sable
[  0000000 BS-e820: [mem 00000003f000-0000003fffff API data[    0.000] BIO-e0:[mem 000000ff000-000000ffffffff] reserved
[    0.000000] NX (Execute Disable) protection: active
[    0.000000] SMBIOS 2.5 present.
[    0.000000] Hypervisor detected: KVM
[    0.000000] e820: last_pfn = 0x3fff0 max_arch_pfn = 0x400000000
[    0.000000] MTRR: Disabled
[    0.000000] x86/PAT: MTRRs disabled, skipping PAT initialization too.
[    0.000000] x86/PAT: Configuration [0-7]: WB  WT  UC- UC  WB  WT  UC- UC  
[    0.000000] CPU MTRRs all blank - virtualized system.
[    0.000000] found SMP MP-table at [mem 0x0009fff0-0x0009ffff] mapped at [ffff88000009fff0]
[    0.000000] Scanning 1 areas for low memory corruption
[    0.000000] RAMDISK: [mem 0x36acc000-0x3755dfff]
[    0.000000] ACPI: Early table checksum verification disabled
[    0.000000] ACPI RSDP 0000000000E0000002 (2 BOX)[    0.000000] ACPI: DTx00000003F0030 0003Cv0 VBOX VBXXSDT 0000 AS  00061)
  0.00000] ACI:ACP 0000003FF00 000F4 v0VBX   VBXFP 000000 AL  0000061)
[  .000000] ACI:SDT 0x000000003FFF0470 002118 (v01 VBOX   VBOXBIOS 00000002 INTL 20160108)
[    0.000000] ACPI: FACS 0x000000003FFF0200 000040
[    00000] CP FCS 0x00000003F000 00004
[   0.000000ACI: APIC x000000FF40 005Cv02 VBOX  OXPIC 000000ASL  0006)
[   00000]AC: SDT 0x00003FF02 001CC (1 BOX   VBOXCPT 00000 IL 01608
[    0.000000] No NUA congution fou
   00000 Fakina de at[m 0000000000000-0000003ffeff
[    .000] NODDA(0) alote [mem 3fb000-x3efff]
[  0000000 k-cock: Uinmss 45601and 4b56400
[   00000] k-cck: c 0msr 03f301, primary cpu clock
[    0.000000] kvm-clock: using sched offset of 3027388994 cycles
[    0.000000] clocksource: kvm-clock: mask: 0xffffffffffffffff max_cycles: 0x1cd42e4dffb, max_idle_ns: 881590591483 ns
[    0.000000] Zone ranges:
[    0.000000]   DMA      [mem 0x0000000000001000-0x0000000000ffffff]
[    0.000000]   DMA32    [mem 0x0000001000000-0x0000003ffff]
[   00000]  Noal  empty
  0.00000  evice   ety
[  000000] Movae one start fr ch noe    0000] Earlyemry deanges[   0.00000] noe   0: [m 0000000001000-0x00000000ff
[    0.000000]   node   0: [mem 0x0000000000100000-0x000000003ffeffff]
[    0.000000] Initmem setup node 0 [mem 0x0000000000001000-0x000000003ffeffff]
[    0.000000] ACPI: PM-Timer IO Port: 0x4008
[    0.000000] IOAPIC[0]: apic_id 2, version 17, address 0xfec00000, GSI 0-23
[    0.000000] ACPI: INT_SRC_OVR (bus 0 bus_irq 0 glalirq 2 dfl dfl)
[    0.000000] ACPI: INT_SRC_OVR (s  buir9 glol_q 9 highev)
[    00000 UngACP (MADT) for SMP confiraionnfmatio
[  0.00000]mpoot: Aowg 2 Cs, hotpugPU
[  000000] P: gisted save memory: [memx000000x00000ff
    0.0000 P: Regier nosa mory: [me0x009f000-0x0009ffff
[  000000PMRegisrenosavmery: [mem 0x0a0000-000fff]
[    0.0000]M:egistedosaveemy: [mm 00f0000-x0ffff]
[  0000000] e820: [mem 0x40000-0xfffff] vailabl f PCI devics
[    0.0000 Bootngarviraled kerneonKVM
[  000000] cocourcerened-jiffiesmak: ffffff maxcyes: 0fffff, maxdl_ns: 6419002118 
[    0000] setuperpu:R_US:512 ncpmask_bts12nr_cpid2 nr_nodid:1
[   00000] PCP Embedded 3 pges/cpu @ff8003fc00098264r82 28712 10576
[   00000] Pqsnlock hah bl entris:56 (order: 0, 4096 bytes)
[    0.000000] Built 1 zonelists in Node order, mobility grouping on.  Total pages: 257913
[    0.000000] Policy zone: DMA32
[    0.000000] Kernel command line: BOOT_IMAGE=/boot/vmlinuz-4.4.0-78-generic root=LABEL=cloudimg-rootfs ro console=tty1 console=ttyS0
[    0.000000] PID hash table entries: 4096 (order: 3, 32768 bytes)
[    0.000000] Memory: 1001756K/10481K vailae 469K erl ode, 1294 rata, 3984K rodata, 1484K init, 1316K bss, 46364K reserved, 0K cma-reserved)
[    0.000000] SLUB: HWalign=64, Order=0-3, MinObjects=0, CPUs=2, Nodes=1
[    0.000000] Hierarchical RCU implementation.
[    0.000000] 	Build-time adjustment of leaf fanout to 64.
[    0.000000] 	RCU restricting CPUs from NR_CPUS=512 to nr_cpu_ids=2.
[    0.000000] RC: djusting geometry for rcfaout_le=6 nr_cu_s=
[  000000] NR_RQ:33024 nr_irqs:440 16
  0.00000] Cool: colo V+ 80x
   0.000000 csoe [ty eabled[   0.0000 cnsole tt0]enabl
   0.000000] tsc: Detected 2395.782 MHz processor
[    0.000000] tsc: Marking TSC unstable due to TSCs unsynchronized
[    0.012000] Calibrating delay loop (skipped) preset value.. 4791.56 BogoMIPS (lpj=9583128)
[    0.016005] pid_max: default: 32768 minimum: 301
[    0.020013] ACPI: Core revision 20150930
[    0.025211] ACPI: 2 ACPI AML tables successfully acquired and loaded
[    0.036026] Security Framework initialized
[    0.040026] Yama: becoming mindful.
[    0.044076] AppArmor: AppArmor initialized
[    0.048128] Dentry cache hash table entries: 131072 (order: 8, 1048576 bytes)
[    0.052311] Inode-cache hash table entries: 65536 (order: 7, 524288 bytes)
[    0.056927] Mount-cache hash table entries: 2048 (order: 2, 16384 bytes)
[    0.060018] Mountpoint-cache hash table entries: 2048 (order: 2, 16384 bytes)
[    0.064242] Initializing cgroup subsys io
[    0.068008] Initializing cgroup subsys memory
[    0.072011] Initializing cgroup subsys devices
[    0.076006] Initializing cgroup subsys freezer
[    0.080006] Initializing cgroup subsys net_cls
[    0.084006] Initializing cgroup subsys perf_event
[    0.088006] Initializing cgroup subsys net_prio
[    0.092008] Initializing cgroup subsys hugetlb
[    0.096005] Initializing cgroup subsys pids
[    0.100112] CPU: Physical Processor ID: 0
[    0.104004] CPU: Processor Core ID: 0
[    0.108008] mce: CPU supports 0 MCE banks
[    0.112027] Last level iTLB entries: 4KB 512, 2MB 16, 4MB 8
[    0.116004] Last level dTLB entries: 4KB 1024, 2MB 128, 4MB 64, 1GB 0
[    0.126643] Freeing SMP alternatives memory: 32K (ffffffff820b8000 - ffffffff820c0000)
[    0.138094] ftrace: allocating 32120 entries in 126 pages
[    0.152147] smpboot: APIC(0) Converting physical 0 to logical package 0
[    0.156006] smpboot: Max logical packages: 1
[    0.161554] ..TIMER: vector=0x30 apic1=0 pin1=2 apic2=-1 pin2=-1
[    0.168000] smpboot: CPU0: AMD A8-3800 APU with Radeon(tm) HD Graphics (family: 0x12, model: 0x1, stepping: 0x0)
[    0.180016] Performance Events: Broken PMU hardware detected, using software events only.
[    0.188002] Failed to access perfctr msr (MSR c0010007 is 0)
[    0.192053] KVM setup paravirtual spinlock
[    0.198151] x86: Booting SMP configuration:
[    0.200006] .... node  #0, CPUs:      #1
[    0.012000] kvm-clock: cpu 1, msr 0:3ffe3041, secondary cpu clock
[    0.012000] mce: CPU supports 0 MCE banks
[    0.448142] x86: Booted up 1 node, 2 CPUs
[    0.452030] smpboot: Total of 2 processors activated (9583.12 BogoMIPS)
[    0.456655] devtmpfs: initialized
[    0.464775] evm: security.selinux
[    0.480002] evm: security.SMACK64
[    0.504002] evm: security.SMACK64EXEC
[    0.580010] evm: security.SMACK64TRANSMUTE
[    0.704002] evm: security.SMACK64MMAP
[    0.816004] evm: security.ima
[    0.908002] evm: security.capability
[    1.028023] clocksource: jiffies: mask: 0xffffffff max_cycles: 0xffffffff, max_idle_ns: 7645041785100000 ns
[    1.340031] futex hash table entries: 512 (order: 3, 32768 bytes)
[    1.404100] pinctrl core: initialized pinctrl subsystem
[    1.504179] RTC time:  7:10:43, date: 05/17/17
[    1.580119] NET: Registered protocol family 16
[    1.732023] cpuidle: using governor ladder
[    1.836017] cpuidle: using governor menu
[    1.928006] PCCT header not found.
[    2.044331] ACPI: bus type PCI registered
[    2.176006] acpiphp: ACPI Hot Plug PCI Controller Driver version: 0.5
[    2.388020] PCI: Using configuration type 1 for base access
[    2.540004] PCI: Using configuration type 1 for extended access
[    2.552200] ACPI: Added _OSI(Module Device)
[    2.556017] ACPI: Added _OSI(Processor Device)
[    2.560016] ACPI: Added _OSI(3.0 _SCP Extensions)
[    2.564004] ACPI: Added _OSI(Processor Aggregator Device)
[    2.569003] ACPI: Executed 1 blocks of module-level executable AML code
[    2.577212] ACPI: Interpreter enabled
[    2.580014] ACPI: (supports S0 S5)
[    2.584004] ACPI: Using IOAPIC for interrupt routing
[    2.588191] PCI: Using host bridge windows from ACPI; if necessary, use "pci=nocrs" and report a bug
[    2.597297] ACPI: PCI Root Bridge [PCI0] (domain 0000 [bus 00-ff])
[    2.600009] acpi PNP0A03:00: _OSC: OS supports [ExtendedConfig ASPM ClockPM Segments MSI]
[    2.604048] acpi PNP0A03:00: _OSC failed (AE_NOT_FOUND); disabling ASPM
[    2.608333] PCI host bridge to bus 0000:00
[    2.612005] pci_bus 0000:00: root bus resource [io  0x0000-0x0cf7 window]
[    2.616004] pci_bus 0000:00: root bus resource [io  0x0d00-0xffff window]
[    2.620021] pci_bus 0000:00: root bus resource [mem 0x000a0000-0x000bffff window]
[    2.624004] pci_bus 0000:00: root bus resource [mem 0x40000000-0xffdfffff window]
[    2.628007] pci_bus 0000:00: root bus resource [bus 00-ff]
[    2.633186] pci 0000:00:01.1: legacy IDE quirk: reg 0x10: [io  0x01f0-0x01f7]
[    2.636003] pci 0000:00:01.1: legacy IDE quirk: reg 0x14: [io  0x03f6]
[    2.640003] pci 0000:00:01.1: legacy IDE quirk: reg 0x18: [io  0x0170-0x0177]
[    2.644003] pci 0000:00:01.1: legacy IDE quirk: reg 0x1c: [io  0x0376]
[    2.694231] ACPI: PCI Interrupt Link [LNKA] (IRQs 5 9 10 11) *0, disabled.
[    2.712334] ACPI: PCI Interrupt Link [LNKB] (IRQs 5 9 10 *11)
[    2.729684] ACPI: PCI Interrupt Link [LNKC] (IRQs 5 9 *10 11)
[    2.737718] ACPI: PCI Interrupt Link [LNKD] (IRQs 5 *9 10 11)
[    2.749669] ACPI: Enabled 2 GPEs in block 00 to 07
[    2.752314] vgaarb: setting as boot device: PCI:0000:00:02.0
[    2.756000] vgaarb: device added: PCI:0000:00:02.0,decodes=io+mem,owns=io+mem,locks=none
[    2.756005] vgaarb: loaded
[    2.760002] vgaarb: bridge control possible 0000:00:02.0
[    2.764325] SCSI subsystem initialized
[    2.768309] ACPI: bus type USB registered
[    2.776047] usbcore: registered new interface driver usbfs
[    2.904016] usbcore: registered new interface driver hub
[    3.052046] usbcore: registered new device driver usb
[    3.212295] PCI: Using ACPI for IRQ routing
[    3.340247] NetLabel: Initializing
[    3.408003] NetLabel:  domain hash size = 128
[    3.560004] NetLabel:  protocols = UNLABELED CIPSOv4
[    3.732017] NetLabel:  unlabeled traffic allowed by default
[    3.904108] amd_nb: Cannot enumerate AMD northbridges
[    4.064080] clocksource: Switched to clocksource kvm-clock
[    4.214567] AppArmor: AppArmor Filesystem Enabled
[    4.286311] pnp: PnP ACPI init
[    4.302799] pnp: PnP ACPI: found 3 devices
[    4.328069] clocksource: acpi_pm: mask: 0xffffff max_cycles: 0xffffff, max_idle_ns: 2085701024 ns
[    4.428843] NET: Registered protocol family 2
[    4.475048] TCP established hash table entries: 8192 (order: 4, 65536 bytes)
[    4.563908] TCP bind hash table entries: 8192 (order: 5, 131072 bytes)
[    4.731937] TCP: Hash tables configured (established 8192 bind 8192)
[    4.919598] UDP hash table entries: 512 (order: 2, 16384 bytes)
[    5.108262] UDP-Lite hash table entries: 512 (order: 2, 16384 bytes)
[    5.372588] NET: Registered protocol family 1
[    5.564459] pci 0000:00:00.0: Limiting direct PCI/PCI transfers
[    5.790344] pci 0000:00:01.0: Activating ISA DMA hang workarounds
[    6.018721] Unpacking initramfs...
[    8.416450] Freeing initrd memory: 10824K (ffff880036acc000 - ffff88003755e000)
[    8.633977] clocksource: tsc: mask: 0xffffffffffffffff max_cycles: 0x2288a6f4c49, max_idle_ns: 440795270939 ns
[    8.941393] platform rtc_cmos: registered platform RTC device (no PNP device found)
[    9.143613] Scanning for low memory corruption every 60 seconds
[    9.321844] audit: initializing netlink subsys (disabled)
[    9.497094] audit: type=2000 audit(1495005040.287:1): initialized
[    9.753467] Initialise system trusted keyring
[    9.877962] HugeTLB registered 2 MB page size, pre-allocated 0 pages
[    9.885660] zbud: loaded
[    9.893660] VFS: Disk quotas dquot_6.6.0
[    9.896178] VFS: Dquot-cache hash table entries: 512 (order 0, 4096 bytes)
[    9.900750] squashfs: version 4.0 (2009/01/31) Phillip Lougher
[   10.025745] fuse init (API version 7.23)
[   10.117002] Key type big_key registered
[   10.190377] Allocating IMA MOK and blacklist keyrings.
[   10.279472] Key type asymmetric registered
[   10.373214] Asymmetric key parser 'x509' registered
[   10.521049] Block layer SCSI generic (bsg) driver version 0.4 loaded (major 249)
[   10.756563] io scheduler noop registered
[   10.872430] io scheduler deadline registered (default)
[   10.921792] io scheduler cfq registered
[   10.960700] pci_hotplug: PCI Hot Plug PCI Core version: 0.5
[   11.026926] pciehp: PCI Express Hot Plug Controller Driver version: 0.4
[   11.109899] ACPI: AC Adapter [AC] (on-line)
[   11.156505] input: Power Button as /devices/LNXSYSTM:00/LNXPWRBN:00/input/input0
[   1.232 AI:ow Bto[PF][ 116961]np: ee Button a/dic/LSYM:/LSLN:/iut/int1[ 12408]CP Sleep Button [SLPF]
[   12.808236] GHES: HEST is not enabled!
[   12.812275] Serial: 8250/16550 driver, 32 ports, IRQ sharing enabled
[ 12161] 00:02: ttyS0 at I/O 0x3f8 (iq 4,asba =150)s 160A
[ 13936]in agat intefa v10
[   13.984042] loop: module loaded
[   13.988602] scsi host0: ata_piix
[   13.976]csho1:taii
[ 14401]ta PA x MA3 d 0x1f0ct0x6 dma 0xd0 i 1
[ 15180]ta PA x MA3 d 17ct0x6 dma 000ir15
[   15782]ibphy FedDIBu pbe
[   14389tu UvealUNAPeve ivr, 1.6
  6.20] n:C)9920 M Ksnns <xkuaomco
[   177959PPgeneric iv vsi 2.2
[   18.259070] ehci_hcd: USB 2.0 'Enhanced' Host Controller (EHCI) Driver
[   18.281044] ehci-pci: EHCI PCI platform driver
[   18.293027] ehci-platform: EHCI generic platform driver
[   18.320773] ohci_hcd: USB 1.1 'Open' Host Controller (OHCI) Driver
[   18.334106] ohci-pci: OHCI PCI platform driver
[   18.385764] ohci-platform: OHCI generic platform driver
[   18.460642] uhci_hcd: USB Universal Host Controller Interface driver
[   18.5534i82:NPPS/2 ntll [NP0303:PSK,P03:2Matx60x i 12  9.37] ri i42BDoratx60x64 irq
  0.97] ri i42UXor at 0x,04 q 
[   20.631434] mousedev: PS/2 mouse device common for all mice
[   20.682339] input: AT Translated Set 2 keyboard as /devices/platform/i8042/serio0/input/input2
[   20.688975] rtc_cmos rtc_cmos: rtc core: registered rtc_cmos as rtc0
[   20.689249] rtc_cmos rtc_cmos: alarms up to one day, 114 bytes nvram
[   20.689275] i2c /dev entries driver
[   20.689482] device-mapper: uevent: version 1.0.3
[   20.689724] device-mapper: ioctl: 4.34.0-ioctl (2015-10-28) initialised: dm-devel@redhat.com
[   20.689793] ledtrig-cpu: registered to indicate activity on CPUs
[   20.690997] NET: Registered protocol family 10
[   20.691558] NET: Registered protocol family 17
[   20.691610] Key type dns_resolver registered
[   20.691387] microcode: CPU0: patch_level=0x06000626
[   20.694022] microcode: CPU1: patch_level=0x06000626
[   20.694133] microcode: Microcode Update Driver: v2.01 <tigran@aivazian.fsnet.co.uk>, Peter Oruba
[   20.694433] registered taskstats version 1
[   20.694454] Loading compiled-in X.509 certificates
[   20.695938] Loaded X.509 cert 'Build time autogenerated kernel key: 779fd75203f0d36b99b83c7328fac831ec7adf9e'
[   20.695973] zswap: loaded using pool lzo/zbud
[   20.698970] Key type trusted registered
[   20.704148] Key type encrypted registered
[   20.704161] AppArmor: AppArmor sha1 policy hashing enabled
[   20.704166] ima: No TPM chip found, activating TPM-bypass!
[   20.704209] evm: HMAC attrs: 0x1
[   20.704594]   Magic number: 1:627:167
[   20.704598]   hash matches /build/linux-0XAgc4/linux-4.4.0/drivers/base/power/main.c:1354
[   20.704646] acpi PNP0000:00: hash matches
[   20.715026] rtc_cmos rtc_cmos: setting system clock to 2017-05-17 07:11:04 UTC (1495005064)
[   20.715137] BIOS EDD facility v0.16 2004-Jun-25, 0 devices found
[   20.715138] EDD information not available.
[   21.876333] Freeing unused kernel memory: 1484K (ffffffff81f45000 - ffffffff820b8000)
[   22.121775] Write protecting the kernel read-only data: 14336k
[   22.248295] Freeing unused kernel memory: 1760K (ffff880001848000 - ffff880001a00000)
[   22.357127] Freeing unused kernel memory: 112K (ffff880001de4000 - ffff880001e00000)
Loading, please wait...
starting version[   22.624083] random: systemd-udevd: uninitialized urandom read (16 bytes read, 5 bits of entropy available)
 229
[   22.626121] random: udevadm: uninitialized urandom read (16 bytes read, 5 bits of entropy available)
[   22.626212] random: udevadm: uninitialized urandom read (16 bytes read, 5 bits of entropy available)
[   22.626517] random: udevadm: uninitialized urandom read (16 bytes read, 5 bits of entropy available)
[   22.626598] random: udevadm: uninitialized urandom read (16 bytes read, 5 bits of entropy available)
[   22.626666] random: udevadm: uninitialized urandom read (16 bytes read, 5 bits of entropy available)
[   22.626738] random: udevadm: uninitialized urandom read (16 bytes read, 5 bits of entropy available)
[   22.626805] random: udevadm: uninitialized urandom read (16 bytes read, 5 bits of entropy available)
[   22.626872] random: udevadm: uninitialized urandom read (16 bytes read, 5 bits of entropy available)
[   22.626949] random: udevadm: uninitialized urandom read (16 bytes read, 5 bits of entropy available)
[   24.011295] e1000: Intel(R) PRO/1000 Network Driver - version 7.3.21-k8-NAPI
[   24.132830] e1000: Copyright (c) 1999-2006 Intel Corporation.
[   24.196903] Fusion MPT base driver 3.04.20
[   24.212460] Copyright (c) 1999-2008 LSI Corporation
[   24.251117] Fusion MPT SPI Host driver 3.04.20
[   24.437037] input: ImExPS/2 Generic Explorer Mouse as /devices/platform/i8042/serio1/input/input4
[   24.628262] e1000 0000:00:03.0 eth0: (PCI:33MHz:32-bit) 02:4d:de:70:67:1e
[   24.804664] e1000 0000:00:03.0 eth0: Intel(R) PRO/1000 Network Connection
[   25.000384] mptbase: ioc0: Initiating bringup
[   25.001420] e1000 0000:00:03.0 enp0s3: renamed from eth0
[   25.324833] ioc0: LSI53C1030 A0: Capabilities={Initiator}
[   25.562322] scsi host2: ioc0: LSI53C1030 A0, FwRev=00000000h, Ports=1, MaxQ=256, IRQ=20
[   25.849654] scsi 2:0:0:0: Direct-Access     VBOX     HARDDISK         1.0  PQ: 0 ANSI: 5
[   25.855437] scsi target2:0:0: Beginning Domain Validation
[   26.008155] scsi target2:0:0: Domain Validation skipping write tests
[   26.151956] scsi target2:0:0: Ending Domain Validation
[   26.304534] scsi target2:0:0: asynchronous
[   26.370039] scsi 2:0:1:0: Direct-Access     VBOX     HARDDISK         1.0  PQ: 0 ANSI: 5
[   26.558709] scsi target2:0:1: Beginning Domain Validation
[   26.738307] scsi target2:0:1: Domain Validation skipping write tests
[   27.200369] floppy0: no floppy controllers found
[   27.200494] work still pending
[   27.216517] scsi target2:0:1: Ending Domain Validation
[   27.218345] scsi target2:0:1: asynchronous
[   27.235434] sd 2:0:0:0: [sda] 20971520 512-byte logical blocks: (10.7 GB/10.0 GiB)
[   27.401509] sd 2:0:0:0: Attached scsi generic sg0 type 0
[   27.480373] sd 2:0:1:0: Attached scsi generic sg1 type 0
[   27.480501] sd 2:0:1:0: [sdb] 20480 512-byte logical blocks: (10.5 MB/10.0 MiB)
[   27.480693] sd 2:0:1:0: [sdb] Write Protect is off
[   27.480820] sd 2:0:1:0: [sdb] Incomplete mode parameter data
[   27.480822] sd 2:0:1:0: [sdb] Assuming drive cache: write through
[   27.482770] sd 2:0:1:0: [sdb] Attached SCSI disk
[   27.483422] sd 2:0:0:0: [sda] Write Protect is off
[   27.483527] sd 2:0:0:0: [sda] Incomplete mode parameter data
[   27.483529] sd 2:0:0:0: [sda] Assuming drive cache: write through
[   27.484569]  sda: sda1
[   27.485361] sd 2:0:0:0: [sda] Attached SCSI disk
Begin: Loading e[   30.502986] md: linear personality registered for level -1
ssential drivers ... [   30.671836] md: multipath personality registered for level -4
[   30.736636] md: raid0 personality registered for level 0
[   30.745441] md: raid1 personality registered for level 1
[   30.996109] raid6: sse2x1   gen()  3142 MB/s
[   31.120115] raid6: sse2x1   xor()  3916 MB/s
[   31.296110] raid6: sse2x2   gen()  4666 MB/s
[   31.436089] raid6: sse2x2   xor()  5581 MB/s
[   31.588063] raid6: sse2x4   gen()  6051 MB/s
[   31.732094] raid6: sse2x4   xor()  3405 MB/s
[   31.840460] raid6: using algorithm sse2x4 gen() 6051 MB/s
[   31.995699] raid6: .... xor() 3405 MB/s, rmw enabled
[   32.124495] raid6: using intx1 recovery algorithm
[   32.193406] xor: measuring software checksum speed
[   32.244060]    prefetch64-sse:  8936.000 MB/sec
[   32.348072]    generic_sse:  8102.000 MB/sec
[   32.406968] xor: using function: prefetch64-sse (8936.000 MB/sec)
[   32.486334] async_tx: api initialized (async)
[   32.504678] md: raid6 personality registered for level 6
[   32.566159] md: raid5 personality registered for level 5
[   32.601760] md: raid4 personality registered for level 4
[   32.651002] md: raid10 personality registered for level 10
done.
Begin: Running /scripts/init-premount ... done.
Begin: Mounting root file sys[   32.770216] Btrfs loaded
tem ... Begin: Running /scripts/local-top ... done.
Begin: Running /scripts/local-premount ... Scanning for Btrfs filesystems
done.
Warning: [   32.903677] EXT4-fs (sda1): mounted filesystem with ordered data mode. Opts: (null)
fsck not present, so skipping root file system
done.
Begin: Running /scripts/local-bottom ... done.
Begin: Running /scripts/init-bottom ... done.
[   33.074276] systemd[1]: systemd 229 running in system mode. (+PAM +AUDIT +SELINUX +IMA +APPARMOR +SMACK +SYSVINIT +UTMP +LIBCRYPTSETUP +GCRYPT +GNUTLS +ACL +XZ -LZ4 +SECCOMP +BLKID +ELFUTILS +KMOD -IDN)
[   33.431058] systemd[1]: Detected virtualization oracle.
[   33.437604] systemd[1]: Detected architecture x86-64.

Welcome to [1mUbuntu 16.04.2 LTS[0m!

[   33.466393] systemd[1]: Set hostname to <ubuntu>.
[   33.472841] systemd[1]: Initializing machine I fm nd geror
[  33.4701sytemd[1: nstalled transient /etc/machine-id file.
[   34.148827] systemd[1]: Listening on Device-mapper event daemon FIFOs.
[[0;32m  OK  [0m] Listening on Device-mapper event daemon FIFOs.
[   34.199970] systemd[1]: Listening on LVM2 metadata daemon socket.
[[0;32m  OK  [0m] Listening on LVM2 metadata daemon socket.
[   34.832906] systemd[1]: Listening on Journaludt Socket.
[[0;32m  OK  [0m] Listening on Journal Audit Socket.
[  34.98443] std[: stinondeCoroSoet

[[0;32m  OK  [0m] Listening on udev Control Socket.
[ 35525] systemd[1]Rehed trget Swap

[[0;32m  OK  [0m] Reached target Swap.
[   6.48] std[: sting o Syslog Sck.
[[0;32m  OK  [0m] Listening on Syslog Socket.
[   36043syem1]Liening onJournal Socket.
[[0;32m  OK  [0m] Listening on Journal Socket.
[ 37401]ysmd]:reedli SteSle. [[0;32m  OK  [0m] Created slice System Slice.
[   37.855617] random: nonblocking pool is initialized
[   37.872747] systemd[1]: Starting Load Kernel Modules...
         [   37.926928] Loading iSCSI transport class v2.0-870.
Starting Load Kernel Modules...
[   38.038112] systemd[1]: Starting Create list of required static device nodes for the current kernel...
         [   38.295105] iscsi: registered transport (tcp)
Starting Create list of required st... nodes for the current ker[   38.341125] iscsi: registered transport (iser)
nel...
[   38.368637] systemd[1]: Starting Monitoring of LVM2 mirrors, snapshots etc. using dmeventd or progress polling...
         Starting Monitoring of LVM2 mirrors... dmeventd or progress polling...
[   38.64042syem1]: Mounting Huge Pages File System...
         Mounting Huge Pages File System...
[   38.909057] systemd[1]: Starting Uncomplicated firewall...
         Starting Uncomplicated firewall...
[ 39530]ysmd]: Crtesle st-siax2et.sice.
[[0;32m  OK  [0m] Created slice system-serial\x2dgetty.slice.
[   39.872696] systemd[1]: Starting Nameserver information manager...
         Starting Nameserver information manager...
[   40.056654] systed[: stinondeinct Compabityam Pe.
[[0;32m  OK  [0m] Listening on /dev/initctl Compatibility Named Pipe.
[   40.736434] systemd[1]: Listening on LVM2 poll daemon socket.
[[0;32m  OK  [0m] Listening on LVM2 poll daemon socket.
[   40.765580] systemd[1]: Listenng on udev Kernel Socket.
[[0;32m  OK  [0m] Listening on udev Kernel Socket.
[   40.896456] systemd[1]: Mounting Debug File System...
         Mounting Debug File System...
[   40.909122] systemd[1]: Listening on Journal Socket (/dev/log).
[[0;32m  OK  [0m] Listening on Journal Socket (/dev/log).
[   41.033190] systemd[1]: Set up automount Arbitrary Executable File Formats File System Automount Point.
[[0;32m  OK  [0m] Set up automount Arbitrary Executab...ats File System Automount Point.
[   41.291741] systemd[1]: Started Trigger resolvconf update for networkd DNS.
[[0;32m  OK  [0m] Started Trigger resolvconf update for networkd DNS.
[   41.396693] systemd[1]: Starting Set console keymap...
         Starting Set console keymap...
[   41.533769] systemd[1]: Reached target User and Group Name Lookups.
[[0;32m  OK  [0m] Reached target User and Group Name Lookups.
[   41.724863] systemd[1]: Starting Journal Service...
         Starting Journal Service...
[   41.779883] systemd[1]: Created slice User and Session Slice.
[[0;32m  OK  [0m] Created slice User and Session Slice.
[   41.785136] systemd[1]: Reached target Slices.
[[0;32m  OK  [0m] Reached target Slices.
[   41.828774] systemd[1]: taedorard PasswrdeqsttoalDicty atch.
[[0;32m  OK  [0m] Started Forward Password Requests to Wall Directory Watch.
[   42.468501] systemd[1]: Mounting POSIX Message Queue File System...
         Mounting POSIX Message Queue File System...
[   42.528874] systemd[1]: Starting Remount Root and Kernel File Systems...
[   42.537136] EXT4-fs (sda1): re-mounted. Opts: (null)
         Starting Remount Root and Kernel File Systems...
[   42.776570] systemd[1]: Reached target Encrypted Volumes.
[[0;32m  OK  [0m] Reached target Encrypted Volumes.
[   42.849345] systemd[1]: Mounted Debug File System.
[[0;32m  OK  [0m] Mounted Debug File System.
[   42.872617] systemd[1]: Mounted Huge Pages File System.
[[0;32m  OK  [0m] Mounted Huge Pages File System.
[  40310syem1]Moted PIXesgeue Fe stm.
[[0;32m  OK  [0m] Mounted POSIX Message Queue File System.
[   43.816974] system1]Strted Jrn Svi.
[[0;32m  OK  [0m] Started Journal Service.
[[0;32m  OK  [0m] Started Load Kernel Modules.
[[0;32m  OK  [0m] Started Create list of required sta...ce nodes for the current kernel.
[[0;32m  OK  [0m] Started Uncomplicated firewall.
[[0;32m  OK  [0m] Started Set console keymap.
[[0;32m  OK  [0m] Started Remount Root and Kernel File Systems.
[[0;32m  OK  [0m] Started Nameserver information manager.
[[0;32m  OK  [0m] Started LVM2 metadata daemon.
         Starting udev Coldplug all Devices...
         Starting Load/Save Random Seed...
         Starting Initial cloud-init job (pre-networking)...
         Starting Create Static Device Nodes in /dev...
         Starting Apply Kernel Variables...
         Mounting FUSE Control File System...
         Starting Flush Journal to Persistent Storage...
[[0;32m  OK  [0m] Mounted FUSE Control File System.
[[0;32m  OK  [0m] Started Monitoring of LVM2 mirrors,...ng dmeventd or progress polling.
[[0;32m  OK  [0m] Started Load/Save Random Seed.
[[0;32m  OK  [0m] Started Create Static Device Nodes in /dev.
[[0;32m  OK  [0m] Started Apply Kernel Variables.
[[0;32m  OK  [0m] Started udev Coldplug all Devices.
[[0;32m  OK  [0m] Started Flush Journal to Persistent Storage.
         Starting udev Kernel Device Manager...
[[0;32m  OK  [0m] Started udev Kernel Device Manager.
[[0;32m  OK  [0m] Started Dispatch Password Requests to Console Directory Watch.
[[0;32m  OK  [0m] Reached target Local File Systems (Pre).
[[0;32m  OK  [0m] Reached target Local File Systems.
         Starting Tell Plymouth To Write Out Runtime Data...
         Starting Create Volatile Files and Directories...
         Starting Set console font and keymap...
         Starting Commit a transient machine-id on disk...
         Starting LSB: AppArmor initialization...
[[0;32m  OK  [0m] Started Tell Plymouth To Write Out Runtime Data.
[[0;32m  OK  [0m] Started Create Volatile Files and Directories.
[[0;32m  OK  [0m] Started Commit a transient machine-id on disk.
[   46.373791] cloud-init[440]: Cloud-init v. 0.7.9 running 'init-local' at Wed, 17 May 2017 07:11:29 +0000. Up 45.66 seconds.
[[0;32m  OK  [0m] Found device /dev/ttyS0.
[[0;32m  OK  [0m] Started Initial cloud-init job (pre-networking).
[[0;32m  OK  [0m] Reached target Network (Pre).
[[0;32m  OK  [0m] Listening on Load/Save RF Kill Switch Status /dev/rfkill Watch.
         Starting Update UTMP about System Boot/Shutdown...
[[0;32m  OK  [0m] Reached target System Time Synchronized.
[[0;32m  OK  [0m] Started Update UTMP about System Boot/Shutdown.
[[0;32m  OK  [0m] Started Set console font and keymap.
[[0;32m  OK  [0m] Created slice system-getty.slice.
[[0;32m  OK  [0m] Started LSB: AppArmor initialization.
         Starting Raise network interfaces...
[[0;32m  OK  [0m] Started Raise network interfaces.
[[0;32m  OK  [0m] Reached target Network.
         Starting Initial cloud-init job (metadata service crawler)...
[   50.403243] cloud-init[922]: Cloud-init v. 0.7.9 running 'init' at Wed, 17 May 2017 07:11:33 +0000. Up 49.45 seconds.
[   50.520995] cloud-init[922]: ci-info: +++++++++++++++++++++++++++++++++++++Net device info++++++++++++++++++++++++++++++++++++++
[   50.521512] cloud-init[922]: ci-info: +--------+------+----------------------------+---------------+-------+-------------------+
[[0;32m  OK  [0m] Started Initial cloud-init job (metadata service crawler).
[   50.521821] cloud-init[922]: ci-info: | Device |  Up  |          Address           |      Mask     | Scope |     Hw-Address    |
[   50.804755] cloud-init[922]: ci-info: +--------+------+----------------------------+---------------+-------+-------------------+
[   50.805398] cloud-init[922]: ci-info: |   lo   | True |         127.0.0.1          |   255.0.0.0   |   .   |         .         |
[[0;32m  OK  [0m] Reached target Cloud-config availability.
[[   50.805685] cloud-init[922]: ci-info: |   lo   | True |          ::1/128           |       .       |  host |         .         |
[   51.029635] cloud-init[922]: ci-info: | enp0s3 | True |         10.0.2.15          | 255.255.255.0 |   .   | 02:4d:de:70:67:1e |
[0;32m  OK  [0m] Reached target Network is Online.
[   51.029804] cloud-init[922]: ci-info: | enp0s3 | True | fe80::4d:deff:fe70:671e/64 |       .       |  link | 02:4d:de:70:67:1e |
[   51.246164] cloud-init[922]: ci-info: +--------+------+----------------------------+---------------+-------+-------------------+
[   51.352769]          cloud-initStarting iSCSI initiator daemon (iscsid)...[922]: 
ci-info: +++++++++++++++++++++++++++Route IPv4 info++++++++++++++++++++++++++++
[   51.524667] [cloud-init[0;32m  OK  [0m[922]: ] ci-info: +-------+-------------+----------+---------------+-----------+-------+Reached target System Initialization.

[   51.525583]          Starting Socket activation for snappy daemon.
cloud-init[922]: ci-info: | Route | Destination | Gateway  |    Genmask    | Interface | Flags |
[   51.704831] [[0;32m  OK  [0m] Started Timer to automatically refresh installed snaps.
[[0;32m  OK  [0m] Listening on UUID daemon activation socket.
cloud-init[922]: ci-info: +-------+-------------+----------+---------------+-----------+-------+
[   51.826138] [cloud-init[0;32m  OK  [0m[922]: ] ci-info: |   0   |   0.0.0.0   | 10.0.2.2 |    0.0.0.0    |   enp0s3  |   UG  |Started ACPI Events Check.

[[0;32m  OK  [0m] Reached target Paths.
[[0;32m  OK  [0m] Started Daily Cleanup of Temporary Directories.
[   51.826788] cloud-init[922]: ci-info: |   1   |   10.0.2.0  | 0.0.0.0  | 255.255.255.0 |   enp0s3  |   U   |
[   52.027400]          cloud-initStarting LXD - unix socket.[922]: 
ci-info: +-------+-------------+----------+---------------+-----------+-------+
[[0;32m  OK  [0m] Started Daily apt activities.
[[0;32m  OK  [0m] Reached target Timers.
[[0;32m  OK  [0m] Listening on D-Bus System Message Bus Socket.
[   52.138040] cloud-init[922]: Generating public/private rsa key pair.
[   52.272688] [cloud-init[0;32m  OK  [0m[922]: ] Your identification has been saved in /etc/ssh/ssh_host_rsa_key.Listening on ACPID Listen Socket.

[   52.273740] cloud-init[922]: Your public key has been saved in /etc/ssh/ssh_host_rsa_key.pub.
[   52.404763] cloud-init[922]: The key fingerprint is:
[   52.405394] cloud-init[922]: SHA256:aC5FFhVUR5pctiF3oTs9PpzlPPEAPjIbwSnQGQN/bx0 root@ubuntu-xenial
[[0;32m  OK  [0m] Listening on Socket activation for snappy daemon.
[   52.405718] cloud-init[922]: The key's randomart image is:
[   52.474575] cloud-init[922]: +---[RSA 2048]----+
[[0;32m  OK  [0m] Listening on LXD - unix socket.
[   52.475227] cloud-init[922]: |      +=*=o.B o. |
[   52.588657] cloud-init[922]: |       +o+ X =   |
[   52.589280] cloud-init[922]: |      o o O + E  |
[[0;32m  OK  [0m] Started iSCSI initiator daemon (iscsid).
[   52.589540] cloud-init[922]: |     o . o + = . |
[   52.728779]          cloud-initStarting Login to default iSCSI targets...[922]: 
|      + S + B =..|
[   52.782979] [[0;32m  OK  [0m] Reached target Sockets.
[[0;32m  OK  [0m] Reached target Basic System.
cloud-init[922]: |     +     * = Bo|
[   52.876917] cloud-init[922]: |    . .   .   =.+|
[   52.877455] cloud-init[922]: |     .         ..|
         Starting LXD - container startup/shutdown...
[   52.877828] cloud-init[922]: |                 |
[   52.900915] cloud-init[922]: +----[SHA256]-----+
[   52.902669] cloud-init[922]: Generating public/private dsa key pair.
[   52.904786] cloud-init[922]: Your identification has been saved in /etc/ssh/ssh_host_dsa_key.
[   52.924345] cloud-init[922]: Your public key has been saved in /etc/ssh/ssh_host_dsa_key.pub.
         Starting Apply the settings specified in cloud-config...
[   53.021070] cloud-init[922]: The key fingerprint is:
[   53.104653] cloud-init[922]: SHA256:NRy7Ex9zgkVKQoyTZxZBUQ0Y6N0Ccy2mV8QPjO2gudA root@ubuntu-xenial
[   53.175325] cloud-init[922]: The key's randomart image is:
[   53.208614] cloud-init[922]: +---[DSA 1024]----+
[[0;32m  OK  [0m] Started ACPI event daemon.
[   53.217231] cloud-init[922]: |       BO#*+o    |
         Starting LSB: MD monitoring daemon...
[   53.271048] cloud-init[922]: |      B %+B*.    |
[   53.344555] cloud-init[922]: |     o # *Oo+ .  |
[   53.344974] cloud-init[922]: |    . E +.o=.=   |
         Starting System Logging Service...
[   53.345184] cloud-init[922]: |     . oS.o .    |
         Starting Accounts Service...
[   53.495925] cloud-init[922]: |      .    .     |
         Starting Login Service...
[   53.566800] cloud-init[922]: |                 |
[   53.635345] cloud-init[922]: |                 |
[   53.638128] cloud-init[922]: |                 |
         Starting /etc/rc.local Compatibility...
[   53.646648] cloud-init[922]: +----[SHA256]-----+
[   53.649266] cloud-init[922]: Generating public/private ecdsa key pair.
         Starting LSB: Record successful boot for GRUB...
[[0;32m  OK  [0m] Started Unattended Upgrades Shutdown.
[   53.723054] cloud-init[922]: Your identification has been saved in /etc/ssh/ssh_host_ecdsa_key.
         Starting Pollinate to seed the pseudo random number generator...
[   53.914697] cloud-init[922]: Your public key has been saved in /etc/ssh/ssh_host_ecdsa_key.pub.
[   54.020913] cloud-init[922]: The key fingerprint is:
[[0;32m  OK  [0m] Started FUSE filesystem for LXC.
[   54.079122] cloud-init[922]: SHA256:DARN4LEIXkesNMJUJd5Ydbk0Ov+cONycXNELryXDnJ8 root@ubuntu-xenial
[[0;32m  OK  [0m] Started Deferred execution scheduler.
[   54.192103] cloud-init[922]: The key's randomart image is:
[[0;32m  OK  [0m] Started Regular background program processing daemon.
[[0;32m  OK  [0m] Started D-Bus System Message Bus.
[   54.245041] cloud-init[922]: +---[ECDSA 256]---+
[[0;32m  OK  [0m] Started Snappy daemon.
[   54.297741] cloud-init[922]: |+..+BX+. ..      |
[   54.352668] cloud-init[922]: |.+o=*=. .+       |
[   54.355339] cloud-init         Starting Auto import assertions from block devices...
[[0;32m  OK  [0m] Started System Logging Service.
[[0;32m  OK  [0m] Started LXD - container startup/shutdown.
[922]: | .+o=.. o o   .  |
[[0;32m  OK  [0m] Started /etc/rc.local Compatibility.
[   54.457397] cloud-init[922]: |   .   = .   o . |
[   54.522744] cloud-init[[0;32m  OK  [0m] Started Auto import assertions from block devices.
[922]: |        S   o = .|
[   54.580171] cloud-init[922]: |         .   B + |
[[0;32m  OK  [0m] Started Login to default iSCSI targets.
[[0;32m  OK  [0m] Started Pollinate to seed the pseudo random number generator.
[   54.627928] cloud-init[922]: |        . B + * .|
[   54.764617] cloud-init[922]: |         + O . E |
[   54.793939] cloud-init[922]: |          .      |
[   54.804618] cloud-init[922]: +----[SHA256]-----+
[[0;32m  OK  [0m] Started LSB: MD monitoring daemon.[   54.828774] cloud-init[922]: Generating public/private ed25519 key pair.
[   54.829722] cloud-init[922]: Your identification has been saved in /etc/ssh/ssh_host_ed25519_key.
[   54.830149] cloud-init[922]: Your public key has been saved in /etc/ssh/ssh_host_ed25519_key.pub.
[   54.830583] cloud-init[922]: The key fingerprint is:

[[0;32m  OK  [0m] Started LSB: Record successful boot for GRUB.
[   54.831034] cloud-init[922]: SHA256:zgTQUZ9W5wMxpiwLkr9JdwUgHC3Wt5nCH/+rSlZQ7xk root@ubuntu-xenial
[   55.044920] cloud-init[922]: The key's randomart image is:
[   55.088215] cloud-init[922]: +--[ED25519 256]--+
[   55.088780] cloud-init[922]: |    .o+*o.. B..  |
[[0;32m  OK  [0m] Started Login Service.
[   55.089072] cloud-init[922]: |     o=.oo.B *   |
         Starting Authenticate and Authorize Users to Run Privileged Tasks...
         Starting OpenBSD Secure Shell server...
[[   55.211912] cloud-init[922]: |    o.oo..B+. E  |
[0;32m  OK  [0m] Reached target Remote File Systems (Pre).
[[   55.257383] cloud-init[922]: |     o oo+=o . + |
[0;32m  OK  [0m] Reached target Remote File Systems.
[   55.335849] cloud-init[922]: |      o So.o. o  |
[   55.388718] cloud-init[922]: |     . B ....    |
[   55.389084]          cloud-initStarting LSB: daemon to balance interrupts for SMP systems...[922]: 
|      o o o  .   |
         [   55.471936] Starting Permit User Sessions...cloud-init
[922]: |         o    .  |
[   55.490094] cloud-init[922]: |          ...... |
[   55.527974] cloud-init[922]: +----[SHA256]-----+
         Starting LSB: Set the CPU Frequency Scaling governor to "ondemand"...
[   55.533630] cloud-init[1029]: Generating locales (this might take a while)...
         Starting LSB: VirtualBox Linux Additions...
[   55.664455] cloud-init[1029]:   en_US.UTF-8... done
         Starting LSB: automatic crash report generation...
[   55.737769] cloud-init[1029]: Generation complete.
[[0;32m  OK  [0m] Started OpenBSD Secure Shell server.
[[0;32m  OK  [0m] Started Permit User Sessions.
[[0;32m  OK  [0m] Started Authenticate and Authorize Users to Run Privileged Tasks.
[[0;32m  OK  [0m] Started Accounts Service.
[[0;32m  OK  [0m] Started LSB: Set the CPU Frequency Scaling governor to "ondemand".
[[0;32m  OK  [0m] Started LSB: daemon to balance interrupts for SMP systems.
         Stopping OpenBSD Secure Shell server...
         Starting Terminate Plymouth Boot Screen...
         Starting Hold until boot process finishes up...
[[0;32m  OK  [0m] Stopped OpenBSD Secure Shell server.
[[0;32m  OK  [0m] Started LSB: VirtualBox Linux Additions.
[[0;32m  OK  [0m] Started LSB: automatic crash report generation.
[[0;32m  OK  [0m] Started Terminate Plymouth Boot Screen.
[[0;32m  OK  [0m] Started Hold until boot process finishes up.
[[0;32m  OK  [0m] Started Serial Getty on ttyS0.
[[0;32m  OK  [0m] Started Getty on tty1.
[[0;32m  OK  [0m] Reached target Login Prompts.
         Starting Set console scheme...
         Starting OpenBSD Secure Shell server...
[[0;32m  OK  [0m] Started OpenBSD Secure Shell server.
[[0;32m  OK  [0m] Started Set console scheme.
[[0;32m  OK  [0m] Reached target Multi-User System.
[[0;32m  OK  [0m] Reached target Graphical Interface.
         Starting Update UTMP about System Runlevel Changes...
[[0;32m  OK  [0m] Started Update UTMP about System Runlevel Changes.
[[0;32m  OK  [0m] Created slice User Slice of ubuntu.
[[0;32m  OK  [0m] Started Session 1 of user ubuntu.
         Starting User Manager for UID 1000...
[[0;32m  OK  [0m] Started User Manager for UID 1000.
[   57.218965] cloud-init[1029]: Cloud-init v. 0.7.9 running 'modules:config' at Wed, 17 May 2017 07:11:37 +0000. Up 53.45 seconds.
[[0;32m  OK  [0m] Started Apply the settings specified in cloud-config.
         Starting Execute cloud user/final scripts...
ci-info: no authorized ssh keys fingerprints found for user ubuntu.
<14>May 17 07:11:42 ec2: 
<14>May 17 07:11:42 ec2: #############################################################
<14>May 17 07:11:42 ec2: -----BEGIN SSH HOST KEY FINGERPRINTS-----
<14>May 17 07:11:42 ec2: 1024 SHA256:NRy7Ex9zgkVKQoyTZxZBUQ0Y6N0Ccy2mV8QPjO2gudA root@ubuntu-xenial (DSA)
<14>May 17 07:11:42 ec2: 256 SHA256:DARN4LEIXkesNMJUJd5Ydbk0Ov+cONycXNELryXDnJ8 root@ubuntu-xenial (ECDSA)
<14>May 17 07:11:42 ec2: 256 SHA256:zgTQUZ9W5wMxpiwLkr9JdwUgHC3Wt5nCH/+rSlZQ7xk root@ubuntu-xenial (ED25519)
<14>May 17 07:11:42 ec2: 2048 SHA256:aC5FFhVUR5pctiF3oTs9PpzlPPEAPjIbwSnQGQN/bx0 root@ubuntu-xenial (RSA)
<14>May 17 07:11:42 ec2: -----END SSH HOST KEY FINGERPRINTS-----
<14>May 17 07:11:42 ec2: #############################################################
-----BEGIN SSH HOST KEY KEYS-----
ecdsa-sha2-nistp256 AAAAE2VjZHNhLXNoYTItbmlzdHAyNTYAAAAIbmlzdHAyNTYAAABBBL9a4DfQXfPEfLHpFAZfHvjHIJEkxM2PbLkQSXek3NX1+zuOQ4r94UuGmWLPcEEUOdTWh7v0nKoXZqVenRvT7MQ= root@ubuntu-xenial
ssh-ed25519 AAAAC3NzaC1lZDI1NTE5AAAAINMK23NYBKn4UEtoVQExjbmSExKh9sBSRzPTFZzRkHit root@ubuntu-xenial
ssh-rsa AAAAB3NzaC1yc2EAAAADAQABAAABAQCwHCE3678QF8QJy/fD0dgQgwBHZxfqwJ92XiXQBOiQ3xsrin6Y6geU901WnNvS2N1gd55EMooOc70iG4DYabRbEb9pnpOHRUSh93NfRSBU+9f8X8pbrJ+dlzP1yqg7qbt0pVNGrYr47MdfN9/6PboQdCmLJjEYhjuyOFB6N2O5/EZ1Kw8IhZ0ftutUD/JwJGOpHu3lnaqFfIDoyJBtR4ovbeUIv6A+fKH+jpYR2UErMbmPTcmtYAq2Ry7HWNKraxn3iabt5cJnlAk0GaM09XBQErY+nelGodpRyFynxHOaMnR72IxbecYmEBwHNrYHEcKKNiDgzYFB2GjzQtJhLmt/ root@ubuntu-xenial
-----END SSH HOST KEY KEYS-----
[   59.096874] cloud-init[1356]: Cloud-init v. 0.7.9 running 'modules:final' at Wed, 17 May 2017 07:11:41 +0000. Up 57.95 seconds.
[[0;32m  OK  [0m] Started Execute cloud user/final scripts.
[   59.224656] cloud-init[1356]: ci-info: no authorized ssh keys fingerprints found for user ubuntu.
[   59.289821] cloud-init[1356]: Cloud-init v. 0.7.9 finished at Wed, 17 May 2017 07:11:42 +0000. Datasource DataSourceNoCloud [seed=/dev/sdb][dsmode=net].  Up 59.07 seconds
[[0;32m  OK  [0m] Reached target Cloud-init target.

Ubuntu 16.04.2 LTS ubuntu-xenial ttyS0

ubuntu-xenial login: 